Using pre-set license
Built from '2020.3/staging' branch; Version is '2020.3.28f1 (f5400f52e03f) revision 16072719'; Using compiler version '192528614'; Build Type 'Release'
OS: 'Windows 11  (10.0.22000) 64bit Core' Language: 'en' Physical Memory: 16230 MB
BatchMode: 1, IsHumanControllingUs: 0, StartBugReporterOnCrash: 0, Is64bit: 1, IsPro: 0

COMMAND LINE ARGUMENTS:
C:\Program Files\Unity\Hub\Editor\2020.3.28f1\Editor\Unity.exe
-adb2
-batchMode
-noUpm
-name
AssetImportWorker0
-projectPath
C:/Users/garyc/Unity Projects/GameDevProj
-logFile
Logs/AssetImportWorker0.log
-srvPort
56887
Successfully changed project path to: C:/Users/garyc/Unity Projects/GameDevProj
C:/Users/garyc/Unity Projects/GameDevProj
Using Asset Import Pipeline V2.
Refreshing native plugins compatible for Editor in 86.12 ms, found 3 plugins.
Preloading 0 native plugins for Editor in 0.00 ms.
Initialize engine version: 2020.3.28f1 (f5400f52e03f)
[Subsystems] Discovering subsystems at path C:/Program Files/Unity/Hub/Editor/2020.3.28f1/Editor/Data/Resources/UnitySubsystems
[Subsystems] Discovering subsystems at path C:/Users/garyc/Unity Projects/GameDevProj/Assets
GfxDevice: creating device client; threaded=0
Direct3D:
    Version:  Direct3D 11.0 [level 11.1]
    Renderer: NVIDIA GeForce GTX 1650 (ID=0x1f91)
    Vendor:   
    VRAM:     3962 MB
    Driver:   25.21.14.1788
Initialize mono
Mono path[0] = 'C:/Program Files/Unity/Hub/Editor/2020.3.28f1/Editor/Data/Managed'
Mono path[1] = 'C:/Program Files/Unity/Hub/Editor/2020.3.28f1/Editor/Data/MonoBleedingEdge/lib/mono/unityjit'
Mono config path = 'C:/Program Files/Unity/Hub/Editor/2020.3.28f1/Editor/Data/MonoBleedingEdge/etc'
Using monoOptions --debugger-agent=transport=dt_socket,embedding=1,server=y,suspend=n,address=127.0.0.1:56308
Begin MonoManager ReloadAssembly
Registering precompiled unity dll's ...
Register platform support module: C:/Program Files/Unity/Hub/Editor/2020.3.28f1/Editor/Data/PlaybackEngines/WindowsStandaloneSupport/UnityEditor.WindowsStandalone.Extensions.dll
Registered in 0.001477 seconds.
Native extension for WindowsStandalone target not found
Refreshing native plugins compatible for Editor in 111.27 ms, found 3 plugins.
Preloading 0 native plugins for Editor in 0.00 ms.
Mono: successfully reloaded assembly
- Completed reload, in  1.090 seconds
Domain Reload Profiling:
	ReloadAssembly (1090ms)
		BeginReloadAssembly (77ms)
			ExecutionOrderSort (0ms)
			DisableScriptedObjects (0ms)
			BackupInstance (0ms)
			ReleaseScriptingObjects (0ms)
			CreateAndSetChildDomain (2ms)
		EndReloadAssembly (941ms)
			LoadAssemblies (73ms)
			RebuildTransferFunctionScriptingTraits (0ms)
			SetupTypeCache (190ms)
			ReleaseScriptCaches (0ms)
			RebuildScriptCaches (110ms)
			SetupLoadedEditorAssemblies (398ms)
				LogAssemblyErrors (0ms)
				InitializePlatformSupportModulesInManaged (15ms)
				SetLoadedEditorAssemblies (1ms)
				RefreshPlugins (111ms)
				BeforeProcessingInitializeOnLoad (40ms)
				ProcessInitializeOnLoadAttributes (182ms)
				ProcessInitializeOnLoadMethodAttributes (48ms)
				AfterProcessingInitializeOnLoad (0ms)
				EditorAssembliesLoaded (0ms)
			ExecutionOrderSort2 (0ms)
			AwakeInstancesAfterBackupRestoration (0ms)
Platform modules already initialized, skipping
Registering precompiled user dll's ...
Registered in 0.005359 seconds.
Begin MonoManager ReloadAssembly
Native extension for WindowsStandalone target not found
Refreshing native plugins compatible for Editor in 87.09 ms, found 3 plugins.
Preloading 0 native plugins for Editor in 0.00 ms.
Mono: successfully reloaded assembly
- Completed reload, in  2.274 seconds
Domain Reload Profiling:
	ReloadAssembly (2276ms)
		BeginReloadAssembly (351ms)
			ExecutionOrderSort (0ms)
			DisableScriptedObjects (15ms)
			BackupInstance (0ms)
			ReleaseScriptingObjects (0ms)
			CreateAndSetChildDomain (44ms)
		EndReloadAssembly (1817ms)
			LoadAssemblies (179ms)
			RebuildTransferFunctionScriptingTraits (0ms)
			SetupTypeCache (551ms)
			ReleaseScriptCaches (1ms)
			RebuildScriptCaches (63ms)
			SetupLoadedEditorAssemblies (862ms)
				LogAssemblyErrors (0ms)
				InitializePlatformSupportModulesInManaged (6ms)
				SetLoadedEditorAssemblies (0ms)
				RefreshPlugins (87ms)
				BeforeProcessingInitializeOnLoad (181ms)
				ProcessInitializeOnLoadAttributes (534ms)
				ProcessInitializeOnLoadMethodAttributes (42ms)
				AfterProcessingInitializeOnLoad (12ms)
				EditorAssembliesLoaded (0ms)
			ExecutionOrderSort2 (0ms)
			AwakeInstancesAfterBackupRestoration (17ms)
Platform modules already initialized, skipping
========================================================================
Worker process is ready to serve import requests
Launched and connected shader compiler UnityShaderCompiler.exe after 0.11 seconds
Refreshing native plugins compatible for Editor in 1.13 ms, found 3 plugins.
Preloading 0 native plugins for Editor in 0.00 ms.
Unloading 2207 Unused Serialized files (Serialized files now loaded: 0)
System memory in use before: 110.2 MB.
System memory in use after: 110.2 MB.

Unloading 32 unused Assets to reduce memory usage. Loaded Objects now: 2657.
Total: 8.067400 ms (FindLiveObjects: 0.345700 ms CreateObjectMapping: 0.225800 ms MarkObjects: 7.223000 ms  DeleteObjects: 0.271300 ms)

AssetImportParameters requested are different than current active one (requested -> active):
  custom:framework-win-MediaFoundation: 216162199b28c13a410421893ffa2e32 -> 
  custom:video-decoder-ogg-theora: a1e56fd34408186e4bbccfd4996cb3dc -> 
  custom:container-muxer-webm: aa71ff27fc2769a1b78a27578f13a17b -> 
  custom:container-demuxer-webm: 4f35f7cbe854078d1ac9338744f61a02 -> 
  custom:container-demuxer-ogg: 62fdf1f143b41e24485cea50d1cbac27 -> 
  custom:video-encoder-webm-vp8: eb34c28f22e8b96e1ab97ce403110664 -> 
  custom:video-decoder-webm-vp8: 9c59270c3fd7afecdb556c50c9e8de78 -> 
  custom:audio-decoder-ogg-vorbis: bf7c407c2cedff20999df2af8eb42d56 -> 
  custom:audio-encoder-webm-vorbis: bf7c407c2cedff20999df2af8eb42d56 -> 
========================================================================
Received Import Request.
  path: Assets/Background.jpg
  artifactKey: Guid(54c0859d38a2beb4f9272e7ceb3bdf18) Importer(815301076,1909f56bfc062723c751e8b465ee728b)
Start importing Assets/Background.jpg using Guid(54c0859d38a2beb4f9272e7ceb3bdf18) Importer(815301076,1909f56bfc062723c751e8b465ee728b)  -> (artifact id: '131d15a2fd863bae51bca4790785730e') in 0.328578 seconds 
  Import took 0.337330 seconds .

========================================================================
Received Import Request.
  Time since last request: 0.000615 seconds.
  path: Assets/Click_Audio.wav
  artifactKey: Guid(ec807a008975b004887063a2e37a7e8c) Importer(815301076,1909f56bfc062723c751e8b465ee728b)
Start importing Assets/Click_Audio.wav using Guid(ec807a008975b004887063a2e37a7e8c) Importer(815301076,1909f56bfc062723c751e8b465ee728b)  -> (artifact id: 'f5afd94d06e4d1de7c0a487310b99f43') in 0.145970 seconds 
  Import took 0.154955 seconds .

========================================================================
Received Import Request.
  Time since last request: 0.000539 seconds.
  path: Assets/SimpleBorder.png
  artifactKey: Guid(0bcbd0289ee5aae40957dec601b1205c) Importer(815301076,1909f56bfc062723c751e8b465ee728b)
Start importing Assets/SimpleBorder.png using Guid(0bcbd0289ee5aae40957dec601b1205c) Importer(815301076,1909f56bfc062723c751e8b465ee728b)  -> (artifact id: '6e3b64410467ccea5bcc39dcceaaede7') in 0.044010 seconds 
  Import took 0.054616 seconds .

========================================================================
Received Import Request.
  Time since last request: 0.000556 seconds.
  path: Assets/Background3.jpeg
  artifactKey: Guid(156dc5ab42ec7be4c9ad334f9b24b5d3) Importer(815301076,1909f56bfc062723c751e8b465ee728b)
Start importing Assets/Background3.jpeg using Guid(156dc5ab42ec7be4c9ad334f9b24b5d3) Importer(815301076,1909f56bfc062723c751e8b465ee728b)  -> (artifact id: 'b92b665f36f87c51cb24af79c6d8304a') in 0.061471 seconds 
  Import took 0.071097 seconds .

========================================================================
Received Import Request.
  Time since last request: 0.000542 seconds.
  path: Assets/empty+scrab1.jpg
  artifactKey: Guid(3a29c217a05b05342a7ce3fae2852a95) Importer(815301076,1909f56bfc062723c751e8b465ee728b)
Start importing Assets/empty+scrab1.jpg using Guid(3a29c217a05b05342a7ce3fae2852a95) Importer(815301076,1909f56bfc062723c751e8b465ee728b)  -> (artifact id: '5a6185e8d0e31b879f32f87ba4ddc3df') in 0.065117 seconds 
  Import took 0.074455 seconds .

========================================================================
Received Import Request.
  Time since last request: 0.000571 seconds.
  path: Assets/Background4.jpeg
  artifactKey: Guid(c51c43205bb4e09478d2af98b7933888) Importer(815301076,1909f56bfc062723c751e8b465ee728b)
Start importing Assets/Background4.jpeg using Guid(c51c43205bb4e09478d2af98b7933888) Importer(815301076,1909f56bfc062723c751e8b465ee728b)  -> (artifact id: 'da01f1d6426f93d7cacbf31b88679d5e') in 0.051203 seconds 
  Import took 0.060412 seconds .

